<?xml version="1.0" encoding="UTF-8"?>
<!-- Generated by org.testng.reporters.JUnitReportReporter -->
<testsuite skipped="0" hostname="DESKTOP-NAE8MPS" name="com.MavenTestNG.BaseClass" tests="1" failures="0" timestamp="29 Dec 2018 16:58:02 GMT" time="3.945" errors="0">
  <testcase name="setup" time="3.945" classname="com.MavenTestNG.BaseClass"/>
</testsuite> <!-- com.MavenTestNG.BaseClass -->
